<?xml version="1.0" encoding="UTF-8"?>
<!-- Generated by org.testng.reporters.JUnitXMLReporter -->
<testsuite ignored="3" hostname="LAPTOP-0O8VOCIM" failures="2" tests="2" name="Test(failed)" time="19.252" errors="0" timestamp="08 Sep. 2020 12:48:41 GMT">
  <testcase classname="com.carbonite.qa.testcases.BusinessBackupPageTest" name="verifyColorTest" time="0.737">
    <failure type="java.lang.AssertionError" message="expected [#000000] but found [#93b93a]">
      <![CDATA[java.lang.AssertionError: expected [#000000] but found [#93b93a]
at com.carbonite.qa.testcases.BusinessBackupPageTest.verifyColorTest(BusinessBackupPageTest.java:49)
... Removed 31 stack frames]]>
    </failure>
  </testcase> <!-- verifyColorTest -->
  <testcase classname="com.carbonite.qa.testcases.HomeBackupPageTest" name="signUpFunctionalityTest" time="1.791">
    <failure type="java.lang.AssertionError" message="expected [Try Carbonite Computer Backup Free For 15 Days | Carbonite] but found [Download]">
      <![CDATA[java.lang.AssertionError: expected [Try Carbonite Computer Backup Free For 15 Days | Carbonite] but found [Download]
at com.carbonite.qa.testcases.HomeBackupPageTest.signUpFunctionalityTest(HomeBackupPageTest.java:49)
... Removed 31 stack frames]]>
    </failure>
  </testcase> <!-- signUpFunctionalityTest -->
  <testcase classname="com.carbonite.qa.testcases.BusinessBackupPageTest" name="clickOnComparePlansTest" time="0.0">
    <ignored/>
  </testcase> <!-- clickOnComparePlansTest -->
  <testcase classname="com.carbonite.qa.testcases.BusinessBackupPageTest" name="clickOnBusinessTrialTest" time="0.0">
    <ignored/>
  </testcase> <!-- clickOnBusinessTrialTest -->
  <testcase classname="com.carbonite.qa.testcases.BusinessBackupPageTest" name="laptopLogoIsDisplayedTest" time="0.0">
    <ignored/>
  </testcase> <!-- laptopLogoIsDisplayedTest -->
</testsuite> <!-- Test(failed) -->
