<?xml version="1.0" encoding="UTF-8"?>
<!-- Generated by org.testng.reporters.JUnitReportReporter -->
<testsuite hostname="LAPTOP-0O8VOCIM" failures="0" tests="6" name="com.carbonite.qa.testcases.BusinessBackupPageTest" time="0.000" errors="2" timestamp="10 Sep. 2020 01:59:34 GMT" skipped="4">
  <testcase classname="com.carbonite.qa.testcases.BusinessBackupPageTest" name="clickOnBusinessTrialTest" time="0.000">
    <skipped/>
  </testcase> <!-- clickOnBusinessTrialTest -->
  <testcase classname="com.carbonite.qa.testcases.BusinessBackupPageTest" name="clickOnComparePlansTest" time="0.000">
    <skipped/>
  </testcase> <!-- clickOnComparePlansTest -->
  <testcase classname="com.carbonite.qa.testcases.BusinessBackupPageTest" name="setUp" time="0.000">
    <error type="java.lang.NullPointerException">
      <![CDATA[java.lang.NullPointerException
at com.carbonite.qa.base.TestBase.initialisation(TestBase.java:107)
at com.carbonite.qa.testcases.BusinessBackupPageTest.setUp(BusinessBackupPageTest.java:25)
at java.base/jdk.internal.reflect.NativeMethodAccessorImpl.invoke0(Native Method)
at java.base/jdk.internal.reflect.NativeMethodAccessorImpl.invoke(NativeMethodAccessorImpl.java:62)
at java.base/jdk.internal.reflect.DelegatingMethodAccessorImpl.invoke(DelegatingMethodAccessorImpl.java:43)
at java.base/java.lang.reflect.Method.invoke(Method.java:564)
at org.testng.internal.MethodInvocationHelper.invokeMethod(MethodInvocationHelper.java:124)
at org.testng.internal.MethodInvocationHelper.invokeMethodConsideringTimeout(MethodInvocationHelper.java:59)
at org.testng.internal.Invoker.invokeConfigurationMethod(Invoker.java:458)
at org.testng.internal.Invoker.invokeConfigurations(Invoker.java:222)
at org.testng.internal.Invoker.invokeMethod(Invoker.java:523)
at org.testng.internal.Invoker.invokeTestMethod(Invoker.java:719)
at org.testng.internal.Invoker.invokeTestMethods(Invoker.java:989)
at org.testng.internal.TestMethodWorker.invokeTestMethods(TestMethodWorker.java:125)
at org.testng.internal.TestMethodWorker.run(TestMethodWorker.java:109)
at java.base/java.util.concurrent.ThreadPoolExecutor.runWorker(ThreadPoolExecutor.java:1130)
at java.base/java.util.concurrent.ThreadPoolExecutor$Worker.run(ThreadPoolExecutor.java:630)
at java.base/java.lang.Thread.run(Thread.java:832)
]]>
    </error>
  </testcase> <!-- setUp -->
  <testcase classname="com.carbonite.qa.testcases.BusinessBackupPageTest" name="verifyColorTest" time="0.000">
    <skipped/>
  </testcase> <!-- verifyColorTest -->
  <testcase classname="com.carbonite.qa.testcases.BusinessBackupPageTest" name="setUp" time="0.000">
    <error type="java.lang.NullPointerException">
      <![CDATA[java.lang.NullPointerException
at com.carbonite.qa.base.TestBase.initialisation(TestBase.java:107)
at com.carbonite.qa.testcases.BusinessBackupPageTest.setUp(BusinessBackupPageTest.java:25)
at java.base/jdk.internal.reflect.NativeMethodAccessorImpl.invoke0(Native Method)
at java.base/jdk.internal.reflect.NativeMethodAccessorImpl.invoke(NativeMethodAccessorImpl.java:62)
at java.base/jdk.internal.reflect.DelegatingMethodAccessorImpl.invoke(DelegatingMethodAccessorImpl.java:43)
at java.base/java.lang.reflect.Method.invoke(Method.java:564)
at org.testng.internal.MethodInvocationHelper.invokeMethod(MethodInvocationHelper.java:124)
at org.testng.internal.MethodInvocationHelper.invokeMethodConsideringTimeout(MethodInvocationHelper.java:59)
at org.testng.internal.Invoker.invokeConfigurationMethod(Invoker.java:458)
at org.testng.internal.Invoker.invokeConfigurations(Invoker.java:222)
at org.testng.internal.Invoker.invokeMethod(Invoker.java:523)
at org.testng.internal.Invoker.invokeTestMethod(Invoker.java:719)
at org.testng.internal.Invoker.invokeTestMethods(Invoker.java:989)
at org.testng.internal.TestMethodWorker.invokeTestMethods(TestMethodWorker.java:125)
at org.testng.internal.TestMethodWorker.run(TestMethodWorker.java:109)
at java.base/java.util.concurrent.ThreadPoolExecutor.runWorker(ThreadPoolExecutor.java:1130)
at java.base/java.util.concurrent.ThreadPoolExecutor$Worker.run(ThreadPoolExecutor.java:630)
at java.base/java.lang.Thread.run(Thread.java:832)
]]>
    </error>
  </testcase> <!-- setUp -->
  <testcase classname="com.carbonite.qa.testcases.BusinessBackupPageTest" name="laptopLogoIsDisplayedTest" time="0.000">
    <skipped/>
  </testcase> <!-- laptopLogoIsDisplayedTest -->
</testsuite> <!-- com.carbonite.qa.testcases.BusinessBackupPageTest -->
